mer. 01 janv. 2025 17:36:52 GMT - Ajout du service worker dans src/index.tsx
mer. 01 janv. 2025 17:36:52 GMT - Création du fichier service-worker.ts
mer. 01 janv. 2025 17:56:48 GMT - Plateforme Android ajoutée avec succès
mer. 01 janv. 2025 17:56:54 GMT - Ouverture du projet Android dans Android Studio
mer. 01 janv. 2025 17:56:54 GMT - Génération de l'APK doit être effectuée dans Android Studio
mer. 01 janv. 2025 17:56:54 GMT - Soumission manuelle de l'application sur le Play Store requise
mer. 01 janv. 2025 17:56:57 GMT - Erreur lors du nettoyage du projet
mer. 01 janv. 2025 18:03:58 GMT - Erreur lors de l'ajout de la plateforme Android
mer. 01 janv. 2025 18:05:43 GMT - Plateforme Android déjà installée. Aucune action nécessaire.
mer. 01 janv. 2025 18:05:47 GMT - Ouverture du projet Android dans Android Studio
mer. 01 janv. 2025 18:05:47 GMT - Génération de l'APK doit être effectuée dans Android Studio
mer. 01 janv. 2025 18:05:47 GMT - Soumission manuelle de l'application sur le Play Store requise
mer. 01 janv. 2025 18:06:28 GMT - Nettoyage effectué
mer. 01 janv. 2025 18:16:28 GMT - Plateforme Android déjà installée. Aucune action nécessaire.
mer. 01 janv. 2025 18:16:31 GMT - Ouverture du projet Android dans Android Studio
mer. 01 janv. 2025 18:16:31 GMT - Génération de l'APK doit être effectuée dans Android Studio
mer. 01 janv. 2025 18:16:31 GMT - Soumission manuelle de l'application sur le Play Store requise
mer. 01 janv. 2025 18:17:36 GMT - Nettoyage effectué
mer. 01 janv. 2025 19:08:05 GMT - Plateforme Android déjà installée. Aucune action nécessaire.
mer. 01 janv. 2025 19:08:13 GMT - Ouverture du projet Android dans Android Studio
mer. 01 janv. 2025 19:08:13 GMT - Génération de l'APK doit être effectuée dans Android Studio
mer. 01 janv. 2025 19:08:13 GMT - Soumission manuelle de l'application sur le Play Store requise
mer. 01 janv. 2025 19:09:51 GMT - Nettoyage effectué
mer. 01 janv. 2025 19:14:50 GMT - Plateforme Android déjà installée. Aucune action nécessaire.
mer. 01 janv. 2025 19:14:53 GMT - Ouverture du projet Android dans Android Studio
mer. 01 janv. 2025 19:14:53 GMT - Génération de l'APK doit être effectuée dans Android Studio
mer. 01 janv. 2025 19:14:53 GMT - Soumission manuelle de l'application sur le Play Store requise
mer. 01 janv. 2025 19:16:04 GMT - Nettoyage effectué
